<?xml version="1.0" encoding="UTF-8"?><testsuite errors="0" failures="0" name="Login functional in linkedin" skipped="0" tests="8" time="0.19" timestamp="2021-11-12 03:12:08"><testcase name="login with apple account"/><testcase name="login with empty email and password"/><testcase name="login with empty email and valid password"/><testcase name="login with valid email and empty password"/><testcase name="login with invalid email and password"/><testcase name="login with invalid email and valid password"/><testcase name="login with valid email and invalid password"/><testcase name="login with valid email and password"/></testsuite>